{"level":"info","message":"Database connected successfully","service":"talenthub-api","timestamp":"2025-10-16 00:00:57"}
{"level":"info","message":"Server running on port 3000","service":"talenthub-api","timestamp":"2025-10-16 00:00:57"}
{"level":"info","message":"Database connected successfully","service":"talenthub-api","timestamp":"2025-10-16 00:01:07"}
{"level":"info","message":"Server running on port 3000","service":"talenthub-api","timestamp":"2025-10-16 00:01:07"}
{"level":"info","message":"Database connected successfully","service":"talenthub-api","timestamp":"2025-10-16 00:01:37"}
{"level":"info","message":"Server running on port 3000","service":"talenthub-api","timestamp":"2025-10-16 00:01:37"}
{"level":"info","message":"Database connected successfully","service":"talenthub-api","timestamp":"2025-10-16 00:03:42"}
{"level":"info","message":"Server running on port 3000","service":"talenthub-api","timestamp":"2025-10-16 00:03:42"}
{"level":"info","message":"Database connected successfully","service":"talenthub-api","timestamp":"2025-10-16 00:03:54"}
{"level":"info","message":"Server running on port 3000","service":"talenthub-api","timestamp":"2025-10-16 00:03:54"}
{"level":"info","message":"Database connected successfully","service":"talenthub-api","timestamp":"2025-10-16 00:04:03"}
{"level":"info","message":"Server running on port 3000","service":"talenthub-api","timestamp":"2025-10-16 00:04:03"}
{"level":"info","message":"Database connected successfully","service":"talenthub-api","timestamp":"2025-10-16 00:04:11"}
{"level":"info","message":"Server running on port 3000","service":"talenthub-api","timestamp":"2025-10-16 00:04:11"}
{"code":"EAUTH","command":"AUTH PLAIN","level":"error","message":"Error sending verification email: Invalid login: 535-5.7.8 Username and Password not accepted. For more information, go to\n535 5.7.8  https://support.google.com/mail/?p=BadCredentials 41be03b00d2f7-b6a228a5b78sm271192a12.14 - gsmtp","response":"535-5.7.8 Username and Password not accepted. For more information, go to\n535 5.7.8  https://support.google.com/mail/?p=BadCredentials 41be03b00d2f7-b6a228a5b78sm271192a12.14 - gsmtp","responseCode":535,"service":"talenthub-api","stack":"Error: Invalid login: 535-5.7.8 Username and Password not accepted. For more information, go to\n535 5.7.8  https://support.google.com/mail/?p=BadCredentials 41be03b00d2f7-b6a228a5b78sm271192a12.14 - gsmtp\n    at SMTPConnection._formatError (D:\\Work\\Personal\\Nodejs-SQL-Template\\TalentHub\\node_modules\\nodemailer\\lib\\smtp-connection\\index.js:809:19)\n    at SMTPConnection._actionAUTHComplete (D:\\Work\\Personal\\Nodejs-SQL-Template\\TalentHub\\node_modules\\nodemailer\\lib\\smtp-connection\\index.js:1595:34)\n    at SMTPConnection.<anonymous> (D:\\Work\\Personal\\Nodejs-SQL-Template\\TalentHub\\node_modules\\nodemailer\\lib\\smtp-connection\\index.js:556:26)\n    at SMTPConnection._processResponse (D:\\Work\\Personal\\Nodejs-SQL-Template\\TalentHub\\node_modules\\nodemailer\\lib\\smtp-connection\\index.js:993:20)\n    at SMTPConnection._onData (D:\\Work\\Personal\\Nodejs-SQL-Template\\TalentHub\\node_modules\\nodemailer\\lib\\smtp-connection\\index.js:774:14)\n    at TLSSocket.SMTPConnection._onSocketData (D:\\Work\\Personal\\Nodejs-SQL-Template\\TalentHub\\node_modules\\nodemailer\\lib\\smtp-connection\\index.js:195:44)\n    at TLSSocket.emit (node:events:519:28)\n    at TLSSocket.emit (node:domain:488:12)\n    at addChunk (node:internal/streams/readable:559:12)\n    at readableAddChunkPushByteMode (node:internal/streams/readable:510:3)","timestamp":"2025-10-16 00:05:37"}
{"code":"EAUTH","command":"AUTH PLAIN","level":"error","message":"Error sending verification email: Invalid login: 535-5.7.8 Username and Password not accepted. For more information, go to\n535 5.7.8  https://support.google.com/mail/?p=BadCredentials 98e67ed59e1d1-33b61b0dd26sm20608473a91.22 - gsmtp","response":"535-5.7.8 Username and Password not accepted. For more information, go to\n535 5.7.8  https://support.google.com/mail/?p=BadCredentials 98e67ed59e1d1-33b61b0dd26sm20608473a91.22 - gsmtp","responseCode":535,"service":"talenthub-api","stack":"Error: Invalid login: 535-5.7.8 Username and Password not accepted. For more information, go to\n535 5.7.8  https://support.google.com/mail/?p=BadCredentials 98e67ed59e1d1-33b61b0dd26sm20608473a91.22 - gsmtp\n    at SMTPConnection._formatError (D:\\Work\\Personal\\Nodejs-SQL-Template\\TalentHub\\node_modules\\nodemailer\\lib\\smtp-connection\\index.js:809:19)\n    at SMTPConnection._actionAUTHComplete (D:\\Work\\Personal\\Nodejs-SQL-Template\\TalentHub\\node_modules\\nodemailer\\lib\\smtp-connection\\index.js:1595:34)\n    at SMTPConnection.<anonymous> (D:\\Work\\Personal\\Nodejs-SQL-Template\\TalentHub\\node_modules\\nodemailer\\lib\\smtp-connection\\index.js:556:26)\n    at SMTPConnection._processResponse (D:\\Work\\Personal\\Nodejs-SQL-Template\\TalentHub\\node_modules\\nodemailer\\lib\\smtp-connection\\index.js:993:20)\n    at SMTPConnection._onData (D:\\Work\\Personal\\Nodejs-SQL-Template\\TalentHub\\node_modules\\nodemailer\\lib\\smtp-connection\\index.js:774:14)\n    at TLSSocket.SMTPConnection._onSocketData (D:\\Work\\Personal\\Nodejs-SQL-Template\\TalentHub\\node_modules\\nodemailer\\lib\\smtp-connection\\index.js:195:44)\n    at TLSSocket.emit (node:events:519:28)\n    at TLSSocket.emit (node:domain:488:12)\n    at addChunk (node:internal/streams/readable:559:12)\n    at readableAddChunkPushByteMode (node:internal/streams/readable:510:3)","timestamp":"2025-10-16 00:36:02"}
{"code":"EAUTH","command":"AUTH PLAIN","level":"error","message":"Error sending verification email: Invalid login: 535-5.7.8 Username and Password not accepted. For more information, go to\n535 5.7.8  https://support.google.com/mail/?p=BadCredentials d2e1a72fcca58-7992d0e2c6csm19442315b3a.57 - gsmtp","response":"535-5.7.8 Username and Password not accepted. For more information, go to\n535 5.7.8  https://support.google.com/mail/?p=BadCredentials d2e1a72fcca58-7992d0e2c6csm19442315b3a.57 - gsmtp","responseCode":535,"service":"talenthub-api","stack":"Error: Invalid login: 535-5.7.8 Username and Password not accepted. For more information, go to\n535 5.7.8  https://support.google.com/mail/?p=BadCredentials d2e1a72fcca58-7992d0e2c6csm19442315b3a.57 - gsmtp\n    at SMTPConnection._formatError (D:\\Work\\Personal\\Nodejs-SQL-Template\\TalentHub\\node_modules\\nodemailer\\lib\\smtp-connection\\index.js:809:19)\n    at SMTPConnection._actionAUTHComplete (D:\\Work\\Personal\\Nodejs-SQL-Template\\TalentHub\\node_modules\\nodemailer\\lib\\smtp-connection\\index.js:1595:34)\n    at SMTPConnection.<anonymous> (D:\\Work\\Personal\\Nodejs-SQL-Template\\TalentHub\\node_modules\\nodemailer\\lib\\smtp-connection\\index.js:556:26)\n    at SMTPConnection._processResponse (D:\\Work\\Personal\\Nodejs-SQL-Template\\TalentHub\\node_modules\\nodemailer\\lib\\smtp-connection\\index.js:993:20)\n    at SMTPConnection._onData (D:\\Work\\Personal\\Nodejs-SQL-Template\\TalentHub\\node_modules\\nodemailer\\lib\\smtp-connection\\index.js:774:14)\n    at TLSSocket.SMTPConnection._onSocketData (D:\\Work\\Personal\\Nodejs-SQL-Template\\TalentHub\\node_modules\\nodemailer\\lib\\smtp-connection\\index.js:195:44)\n    at TLSSocket.emit (node:events:519:28)\n    at TLSSocket.emit (node:domain:488:12)\n    at addChunk (node:internal/streams/readable:559:12)\n    at readableAddChunkPushByteMode (node:internal/streams/readable:510:3)","timestamp":"2025-10-16 00:36:37"}
{"level":"info","message":"Database connected successfully","service":"talenthub-api","timestamp":"2025-10-16 01:15:10"}
{"level":"info","message":"Server running on port 3000","service":"talenthub-api","timestamp":"2025-10-16 01:15:10"}
{"level":"info","message":"Database connected successfully","service":"talenthub-api","timestamp":"2025-10-16 01:15:21"}
{"level":"info","message":"Server running on port 3000","service":"talenthub-api","timestamp":"2025-10-16 01:15:21"}
{"level":"info","message":"Database connected successfully","service":"talenthub-api","timestamp":"2025-10-16 01:15:45"}
{"level":"info","message":"Server running on port 3000","service":"talenthub-api","timestamp":"2025-10-16 01:15:45"}
{"level":"info","message":"Database connected successfully","service":"talenthub-api","timestamp":"2025-10-16 01:16:11"}
{"level":"info","message":"Server running on port 3000","service":"talenthub-api","timestamp":"2025-10-16 01:16:11"}
{"level":"info","message":"Database connected successfully","service":"talenthub-api","timestamp":"2025-10-16 01:16:33"}
{"level":"info","message":"Server running on port 3000","service":"talenthub-api","timestamp":"2025-10-16 01:16:33"}
{"level":"info","message":"Database connected successfully","service":"talenthub-api","timestamp":"2025-10-16 01:17:28"}
{"level":"info","message":"Server running on port 3000","service":"talenthub-api","timestamp":"2025-10-16 01:17:28"}
{"level":"info","message":"Email verification sent to t.m.zidny@gmail.com: <091f5ac8-af25-646c-75b4-7663961ab058@localhost>","service":"talenthub-api","timestamp":"2025-10-16 01:18:27"}
{"level":"info","message":"Database connected successfully","service":"talenthub-api","timestamp":"2025-10-16 01:21:07"}
{"level":"info","message":"Server running on port 3000","service":"talenthub-api","timestamp":"2025-10-16 01:21:07"}
{"level":"info","message":"Database connected successfully","service":"talenthub-api","timestamp":"2025-10-16 01:21:22"}
{"level":"info","message":"Server running on port 3000","service":"talenthub-api","timestamp":"2025-10-16 01:21:22"}
{"level":"info","message":"Database connected successfully","service":"talenthub-api","timestamp":"2025-10-16 01:21:37"}
{"level":"info","message":"Server running on port 3000","service":"talenthub-api","timestamp":"2025-10-16 01:21:37"}
{"level":"info","message":"Database connected successfully","service":"talenthub-api","timestamp":"2025-10-16 01:21:52"}
{"level":"info","message":"Server running on port 3000","service":"talenthub-api","timestamp":"2025-10-16 01:21:52"}
{"level":"info","message":"Database connected successfully","service":"talenthub-api","timestamp":"2025-10-16 01:22:22"}
{"level":"info","message":"Server running on port 3000","service":"talenthub-api","timestamp":"2025-10-16 01:22:22"}
{"level":"info","message":"Database connected successfully","service":"talenthub-api","timestamp":"2025-10-16 01:22:31"}
{"level":"info","message":"Server running on port 3000","service":"talenthub-api","timestamp":"2025-10-16 01:22:31"}
{"level":"info","message":"Database connected successfully","service":"talenthub-api","timestamp":"2025-10-16 01:22:43"}
{"level":"info","message":"Server running on port 3000","service":"talenthub-api","timestamp":"2025-10-16 01:22:43"}
{"level":"info","message":"Database connected successfully","service":"talenthub-api","timestamp":"2025-10-16 01:22:47"}
{"level":"info","message":"Server running on port 3000","service":"talenthub-api","timestamp":"2025-10-16 01:22:47"}
{"level":"info","message":"Database connected successfully","service":"talenthub-api","timestamp":"2025-10-16 01:22:58"}
{"level":"info","message":"Server running on port 3000","service":"talenthub-api","timestamp":"2025-10-16 01:22:58"}
{"level":"info","message":"Database connected successfully","service":"talenthub-api","timestamp":"2025-10-16 01:23:11"}
{"level":"info","message":"Server running on port 3000","service":"talenthub-api","timestamp":"2025-10-16 01:23:11"}
{"level":"info","message":"Database connected successfully","service":"talenthub-api","timestamp":"2025-10-16 01:23:29"}
{"level":"info","message":"Server running on port 3000","service":"talenthub-api","timestamp":"2025-10-16 01:23:29"}
{"level":"info","message":"Database connected successfully","service":"talenthub-api","timestamp":"2025-10-16 01:25:03"}
{"level":"info","message":"Server running on port 3000","service":"talenthub-api","timestamp":"2025-10-16 01:25:03"}
{"level":"info","message":"Email verification sent to t.m.zidny@gmail.com: <906e2675-fc90-625f-5a3c-024241edecf7@gmail.com>","service":"talenthub-api","timestamp":"2025-10-16 01:29:05"}
{"level":"info","message":"Email verification sent to t.m.zidny@gmail.com: <abadb456-95c0-4f1a-efd9-005e8511a8d2@gmail.com>","service":"talenthub-api","timestamp":"2025-10-16 01:30:48"}
{"level":"info","message":"2FA code sent to t.m.zidny@gmail.com: <0415941d-eab2-0abe-c834-07e9b901d9e3@gmail.com>","service":"talenthub-api","timestamp":"2025-10-16 01:32:41"}
{"level":"info","message":"Database connected successfully","service":"talenthub-api","timestamp":"2025-10-16 01:37:44"}
{"level":"info","message":"Server running on port 3000","service":"talenthub-api","timestamp":"2025-10-16 01:37:45"}
{"level":"info","message":"Database connected successfully","service":"talenthub-api","timestamp":"2025-10-16 01:38:57"}
{"level":"info","message":"Server running on port 3000","service":"talenthub-api","timestamp":"2025-10-16 01:38:57"}
{"level":"info","message":"Database connected successfully","service":"talenthub-api","timestamp":"2025-10-16 01:39:11"}
{"level":"info","message":"Server running on port 3000","service":"talenthub-api","timestamp":"2025-10-16 01:39:11"}
{"level":"info","message":"Database connected successfully","service":"talenthub-api","timestamp":"2025-10-16 01:39:33"}
{"level":"info","message":"Server running on port 3000","service":"talenthub-api","timestamp":"2025-10-16 01:39:33"}
{"level":"info","message":"Database connected successfully","service":"talenthub-api","timestamp":"2025-10-16 01:40:56"}
{"level":"info","message":"Server running on port 3000","service":"talenthub-api","timestamp":"2025-10-16 01:40:56"}
{"level":"info","message":"Database connected successfully","service":"talenthub-api","timestamp":"2025-10-16 01:41:07"}
{"level":"info","message":"Server running on port 3000","service":"talenthub-api","timestamp":"2025-10-16 01:41:07"}
{"level":"info","message":"Database connected successfully","service":"talenthub-api","timestamp":"2025-10-16 01:52:09"}
{"level":"info","message":"Server running on port 3000","service":"talenthub-api","timestamp":"2025-10-16 01:52:09"}
{"level":"info","message":"Database connected successfully","service":"talenthub-api","timestamp":"2025-10-16 01:54:20"}
{"level":"info","message":"Server running on port 3000","service":"talenthub-api","timestamp":"2025-10-16 01:54:20"}
{"level":"info","message":"Database connected successfully","service":"talenthub-api","timestamp":"2025-10-16 01:54:28"}
{"level":"info","message":"Server running on port 3000","service":"talenthub-api","timestamp":"2025-10-16 01:54:28"}
{"level":"info","message":"Database connected successfully","service":"talenthub-api","timestamp":"2025-10-16 01:54:37"}
{"level":"info","message":"Server running on port 3000","service":"talenthub-api","timestamp":"2025-10-16 01:54:37"}
{"level":"info","message":"Database connected successfully","service":"talenthub-api","timestamp":"2025-10-16 01:54:57"}
{"level":"info","message":"Server running on port 3000","service":"talenthub-api","timestamp":"2025-10-16 01:54:57"}
{"level":"info","message":"Database connected successfully","service":"talenthub-api","timestamp":"2025-10-16 02:02:50"}
{"level":"info","message":"Server running on port 3000","service":"talenthub-api","timestamp":"2025-10-16 02:02:50"}
{"level":"info","message":"Database connected successfully","service":"talenthub-api","timestamp":"2025-10-16 02:03:22"}
{"level":"info","message":"Server running on port 3000","service":"talenthub-api","timestamp":"2025-10-16 02:03:22"}
{"level":"info","message":"Database connected successfully","service":"talenthub-api","timestamp":"2025-10-16 02:03:31"}
{"level":"info","message":"Server running on port 3000","service":"talenthub-api","timestamp":"2025-10-16 02:03:31"}
{"level":"info","message":"Database connected successfully","service":"talenthub-api","timestamp":"2025-10-16 02:03:47"}
{"level":"info","message":"Server running on port 3000","service":"talenthub-api","timestamp":"2025-10-16 02:03:47"}
{"level":"info","message":"Database connected successfully","service":"talenthub-api","timestamp":"2025-10-16 02:04:08"}
{"level":"info","message":"Server running on port 3000","service":"talenthub-api","timestamp":"2025-10-16 02:04:08"}
{"level":"info","message":"Database connected successfully","service":"talenthub-api","timestamp":"2025-10-16 02:04:31"}
{"level":"info","message":"Server running on port 3000","service":"talenthub-api","timestamp":"2025-10-16 02:04:31"}
{"level":"info","message":"Database connected successfully","service":"talenthub-api","timestamp":"2025-10-16 02:46:18"}
{"level":"info","message":"Server running on port 3000","service":"talenthub-api","timestamp":"2025-10-16 02:46:18"}
{"level":"info","message":"Database connected successfully","service":"talenthub-api","timestamp":"2025-10-16 02:46:26"}
{"level":"info","message":"Server running on port 3000","service":"talenthub-api","timestamp":"2025-10-16 02:46:26"}
{"errorDetails":[{"field":"email","message":"Invalid email format"}],"isOperational":true,"level":"error","message":"Error: Validation error occurred.","service":"talenthub-api","stack":"Error: Validation error occurred.\n    at D:\\Work\\Personal\\Nodejs-SQL-Template\\TalentHub\\src\\middlewares\\validation.middleware.ts:22:10\n    at Generator.next (<anonymous>)\n    at fulfilled (D:\\Work\\Personal\\Nodejs-SQL-Template\\TalentHub\\src\\middlewares\\validation.middleware.ts:5:58)\n    at processTicksAndRejections (node:internal/process/task_queues:95:5)","statusCode":400,"timestamp":"2025-10-16 02:46:54"}
